0 info it worked if it ends with ok
1 verbose cli [ '/usr/local/bin/node', '/usr/local/bin/npm', 'run', 'test' ]
2 info using npm@3.10.10
3 info using node@v6.12.0
4 warn invalid config proxy="“http://proxy.intra.dmc.de:3128/”"
5 warn invalid config Must be a full url with 'http://'
6 verbose run-script [ 'pretest', 'test', 'posttest' ]
7 info lifecycle new@1.0.0~pretest: new@1.0.0
8 silly lifecycle new@1.0.0~pretest: no script for pretest, continuing
9 info lifecycle new@1.0.0~test: new@1.0.0
10 verbose lifecycle new@1.0.0~test: unsafe-perm in lifecycle true
11 verbose lifecycle new@1.0.0~test: PATH: /usr/local/lib/node_modules/npm/bin/node-gyp-bin:/Users/rathnsag/Desktop/dev/myProjects/storybook/taskbox/node_modules/.bin:/usr/local/bin:/usr/bin:/bin:/usr/sbin:/sbin
12 verbose lifecycle new@1.0.0~test: CWD: /Users/rathnsag/Desktop/dev/myProjects/storybook/taskbox
13 silly lifecycle new@1.0.0~test: Args: [ '-c', 'react-scripts test --env=jsdom' ]
14 silly lifecycle new@1.0.0~test: Returned: code: 1  signal: null
15 info lifecycle new@1.0.0~test: Failed to exec test script
16 verbose stack Error: new@1.0.0 test: `react-scripts test --env=jsdom`
16 verbose stack Exit status 1
16 verbose stack     at EventEmitter.<anonymous> (/usr/local/lib/node_modules/npm/lib/utils/lifecycle.js:255:16)
16 verbose stack     at emitTwo (events.js:106:13)
16 verbose stack     at EventEmitter.emit (events.js:191:7)
16 verbose stack     at ChildProcess.<anonymous> (/usr/local/lib/node_modules/npm/lib/utils/spawn.js:40:14)
16 verbose stack     at emitTwo (events.js:106:13)
16 verbose stack     at ChildProcess.emit (events.js:191:7)
16 verbose stack     at maybeClose (internal/child_process.js:920:16)
16 verbose stack     at Process.ChildProcess._handle.onexit (internal/child_process.js:230:5)
17 verbose pkgid new@1.0.0
18 verbose cwd /Users/rathnsag/Desktop/dev/myProjects/storybook/taskbox
19 error Darwin 17.7.0
20 error argv "/usr/local/bin/node" "/usr/local/bin/npm" "run" "test"
21 error node v6.12.0
22 error npm  v3.10.10
23 error code ELIFECYCLE
24 error new@1.0.0 test: `react-scripts test --env=jsdom`
24 error Exit status 1
25 error Failed at the new@1.0.0 test script 'react-scripts test --env=jsdom'.
25 error Make sure you have the latest version of node.js and npm installed.
25 error If you do, this is most likely a problem with the new package,
25 error not with npm itself.
25 error Tell the author that this fails on your system:
25 error     react-scripts test --env=jsdom
25 error You can get information on how to open an issue for this project with:
25 error     npm bugs new
25 error Or if that isn't available, you can get their info via:
25 error     npm owner ls new
25 error There is likely additional logging output above.
26 verbose exit [ 1, true ]
